STEP to UG
! INFO-     NX STEP AP214 - V2206.9200
! INFO-      
! INFO-     Start of Translation: 3-MAY-2024  1:05:56 PM
! INFO-      
! STATUS-   Converting Part: D:\UNAL\2024-1S\APM\Digital Factory\SACMI PH1500.stp
! SUMMARY-   
! SUMMARY-    STEP Header Information
! SUMMARY-   
! SUMMARY-  Description      Unknown
! SUMMARY-  Imp_Level        2;1
! SUMMARY-  File_Name        SACMI PH1500.stp
! SUMMARY-  Date             2024-05-03T13:02:57-05:00
! SUMMARY-  Author           zulet
! SUMMARY-  Organization     Unknown
! SUMMARY-  Pre_Version      ST-DEVELOPER v20
! SUMMARY-  Orig_System      Autodesk Inventor 2025
! SUMMARY-  Authorization    Unknown
! SUMMARY-  Schema_ID        automotive_design
! SUMMARY-   
! SUMMARY-    Summary of STEP Entities
! SUMMARY-   
! SUMMARY-  Entity Type                                                   Count
! SUMMARY-  -----------                                                   ------
! SUMMARY-  advanced_face ..............................................:    905
! SUMMARY-  application_context ........................................:      1
! SUMMARY-  axis2_placement_3d .........................................:   1605
! SUMMARY-  b_spline_curve_with_knots ..................................:     50
! SUMMARY-  b_spline_surface_with_knots ................................:     12
! SUMMARY-  cartesian_point ............................................:   9747
! SUMMARY-  circle .....................................................:    615
! SUMMARY-  closed_shell ...............................................:      5
! SUMMARY-  conical_surface ............................................:      8
! SUMMARY-  context_dependent_shape_representation .....................:      5
! SUMMARY-  cylindrical_surface ........................................:    285
! SUMMARY-  direction ..................................................:   4542
! SUMMARY-  edge_curve .................................................:   2083
! SUMMARY-  edge_loop ..................................................:   1105
! SUMMARY-  ellipse ....................................................:     86
! SUMMARY-  face_bound .................................................:    200
! SUMMARY-  face_outer_bound ...........................................:    905
! SUMMARY-  geometric_representation_context_and_global_uncertainty_a ..:      7
! SUMMARY-  item_defined_transformation ................................:      5
! SUMMARY-  length_unit_and_si_unit ....................................:      1
! SUMMARY-  line .......................................................:   1332
! SUMMARY-  manifold_solid_brep ........................................:      5
! SUMMARY-  next_assembly_usage_occurrence .............................:      5
! SUMMARY-  oriented_edge ..............................................:   4166
! SUMMARY-  plane ......................................................:    537
! SUMMARY-  plane_angle_unit_and_si_unit ...............................:      1
! SUMMARY-  product ....................................................:      6
! SUMMARY-  product_context ............................................:      1
! SUMMARY-  product_definition .........................................:      6
! SUMMARY-  product_definition_context .................................:      1
! SUMMARY-  product_definition_formation ...............................:      6
! SUMMARY-  product_definition_shape ...................................:     11
! SUMMARY-  product_related_product_category ...........................:      6
! SUMMARY-  representation_relationship_with_transformation_and_shape ..:      5
! SUMMARY-  shape_representation .......................................:      6
! SUMMARY-  si_unit_and_solid_angle_unit ...............................:      1
! SUMMARY-  spherical_surface ..........................................:     16
! SUMMARY-  toroidal_surface ...........................................:     47
! SUMMARY-  uncertainty_measure_with_unit ..............................:      7
! SUMMARY-  vector .....................................................:   1332
! SUMMARY-  vertex_point ...............................................:   1320
! SUMMARY-                                                               -------
! SUMMARY-  Total                                                          30989
! STATUS-    
! STATUS-   Converting to Output Form (Phase 2 of 3): 3-MAY-2024 1:05:56 PM
! STATUS-    
! STATUS-    
! STATUS-   Generating UG geometry and placing them in parts
! STATUS-    
! STATUS-   Creating the UG part (Phase 3 of 3): 3-MAY-2024  1:05:58 PM
! INFO-     Filing Part ..: D:\UNAL\2024-1S\APM\Digital Factory\SACMI PH1500 30X60 DIE SET TOP
! SUMMARY-   
! SUMMARY-  Summary of Unigraphics Part Entities
! SUMMARY-   
! SUMMARY-  Entities Processed             Count
! SUMMARY-  ------------------             -----
! SUMMARY-  Solid .......................:     1
! SUMMARY-                                 -----
! SUMMARY-  Total                              1
! STATUS-   Creating the UG part (Phase 3 of 3): 3-MAY-2024  1:05:58 PM
! INFO-     Filing Part ..: D:\UNAL\2024-1S\APM\Digital Factory\SACMI PH1500 PRESS TOP
! SUMMARY-   
! SUMMARY-  Summary of Unigraphics Part Entities
! SUMMARY-   
! SUMMARY-  Entities Processed             Count
! SUMMARY-  ------------------             -----
! SUMMARY-  Solid .......................:     1
! SUMMARY-                                 -----
! SUMMARY-  Total                              1
! STATUS-   Creating the UG part (Phase 3 of 3): 3-MAY-2024  1:05:58 PM
! INFO-     Filing Part ..: D:\UNAL\2024-1S\APM\Digital Factory\SACMI PH1500 30X60 DIE SET TILES BOTTOM MOLD
! SUMMARY-   
! SUMMARY-  Summary of Unigraphics Part Entities
! SUMMARY-   
! SUMMARY-  Entities Processed             Count
! SUMMARY-  ------------------             -----
! SUMMARY-  Solid .......................:     1
! SUMMARY-                                 -----
! SUMMARY-  Total                              1
! STATUS-   Creating the UG part (Phase 3 of 3): 3-MAY-2024  1:05:59 PM
! INFO-     Filing Part ..: D:\UNAL\2024-1S\APM\Digital Factory\SACMI PH1500 BASE
! SUMMARY-   
! SUMMARY-  Summary of Unigraphics Part Entities
! SUMMARY-   
! SUMMARY-  Entities Processed             Count
! SUMMARY-  ------------------             -----
! SUMMARY-  Solid .......................:     1
! SUMMARY-                                 -----
! SUMMARY-  Total                              1
! STATUS-   Creating the UG part (Phase 3 of 3): 3-MAY-2024  1:05:59 PM
! INFO-     Filing Part ..: D:\UNAL\2024-1S\APM\Digital Factory\SACMI PH1500 30X60 DIE SET BASE
! SUMMARY-   
! SUMMARY-  Summary of Unigraphics Part Entities
! SUMMARY-   
! SUMMARY-  Entities Processed             Count
! SUMMARY-  ------------------             -----
! SUMMARY-  Solid .......................:     1
! SUMMARY-                                 -----
! SUMMARY-  Total                              1
! STATUS-   Creating the UG part (Phase 3 of 3): 3-MAY-2024  1:05:59 PM
! INFO-     Filing Part ..: D:\UNAL\2024-1S\APM\Digital Factory\SACMI PH1500.prt
! SUMMARY-   
! SUMMARY-  Summary of Unigraphics Part Entities
! SUMMARY-   
! SUMMARY-  Entities Processed             Count
! SUMMARY-  ------------------             -----
! SUMMARY-  Component ...................:     5
! SUMMARY-                                 -----
! SUMMARY-  Total                              5
! INFO-      
! INFO-     Total number of solids input for this translation       :         5
! INFO-      
! INFO-     Number of solids created without body validation faults :         5
! INFO-      
! INFO-     Number of solids created with body validation fault(s)  :         0
! INFO-      
! INFO-     Number of solids ending up as sheet bodies              :         0
! INFO-      
! INFO-     End of Translation: 3-MAY-2024  1:05:59 PM
! INFO-      
